<?xml version="1.0" encoding="UTF-8"?>
<!-- Generated by org.testng.reporters.JUnitXMLReporter -->
<testsuite hostname="LAPTOP-0N92GOA0" ignored="0" name="MBEPtests]" tests="1" failures="0" timestamp="2020-07-09T19:35:05 IST" time="3.892" errors="0">
  <testcase name="@BeforeMethod setUp" time="3.798" classname="com.mbep.qa.testdata.LoginPageTest">
    <failure type="org.openqa.selenium.SessionNotCreatedException" message="session not created: This version of ChromeDriver only supports Chrome version 77
Build info: version: &amp;apos;3.141.59&amp;apos;, revision: &amp;apos;e82be7d358&amp;apos;, time: &amp;apos;2018-11-14T08:17:03&amp;apos;
System info: host: &amp;apos;LAPTOP-0N92GOA0&amp;apos;, ip: &amp;apos;192.168.43.59&amp;apos;, os.name: &amp;apos;Windows 10&amp;apos;, os.arch: &amp;apos;amd64&amp;apos;, os.version: &amp;apos;10.0&amp;apos;, java.version: &amp;apos;1.8.0_231&amp;apos;
Driver info: driver.version: ChromeDriver
remote stacktrace: Backtrace:
	Ordinal0 [0x0095EB13+1501971]
	Ordinal0 [0x008DF6D1+980689]
	Ordinal0 [0x0086765F+489055]
	Ordinal0 [0x007FF2F4+62196]
	Ordinal0 [0x007FBCDA+48346]
	Ordinal0 [0x00819800+169984]
	Ordinal0 [0x0081942D+169005]
	Ordinal0 [0x008178EB+162027]
	Ordinal0 [0x00800AC7+68295]
	Ordinal0 [0x00801B40+72512]
	Ordinal0 [0x00801AD9+72409]
	Ordinal0 [0x008F8F37+1085239]
	GetHandleVerifier [0x009FD7ED+503293]
	GetHandleVerifier [0x009FD580+502672]
	GetHandleVerifier [0x00A046AC+531644]
	GetHandleVerifier [0x009FDFFA+505354]
	Ordinal0 [0x008F0606+1050118]
	Ordinal0 [0x008F047F+1049727]
	Ordinal0 [0x008FAF9B+1093531]
	Ordinal0 [0x008FB103+1093891]
	Ordinal0 [0x008FA095+1089685]
	BaseThreadInitThunk [0x76326359+25]
	RtlGetAppContainerNamedObjectPath [0x77EB7C24+228]
	RtlGetAppContainerNamedObjectPath [0x77EB7BF4+180]
">
      <![CDATA[org.openqa.selenium.SessionNotCreatedException: session not created: This version of ChromeDriver only supports Chrome version 77
Build info: version: '3.141.59', revision: 'e82be7d358', time: '2018-11-14T08:17:03'
System info: host: 'LAPTOP-0N92GOA0', ip: '192.168.43.59', os.name: 'Windows 10', os.arch: 'amd64', os.version: '10.0', java.version: '1.8.0_231'
Driver info: driver.version: ChromeDriver
remote stacktrace: Backtrace:
Ordinal0 [0x0095EB13+1501971]
Ordinal0 [0x008DF6D1+980689]
Ordinal0 [0x0086765F+489055]
Ordinal0 [0x007FF2F4+62196]
Ordinal0 [0x007FBCDA+48346]
Ordinal0 [0x00819800+169984]
Ordinal0 [0x0081942D+169005]
Ordinal0 [0x008178EB+162027]
Ordinal0 [0x00800AC7+68295]
Ordinal0 [0x00801B40+72512]
Ordinal0 [0x00801AD9+72409]
Ordinal0 [0x008F8F37+1085239]
GetHandleVerifier [0x009FD7ED+503293]
GetHandleVerifier [0x009FD580+502672]
GetHandleVerifier [0x00A046AC+531644]
GetHandleVerifier [0x009FDFFA+505354]
Ordinal0 [0x008F0606+1050118]
Ordinal0 [0x008F047F+1049727]
Ordinal0 [0x008FAF9B+1093531]
Ordinal0 [0x008FB103+1093891]
Ordinal0 [0x008FA095+1089685]
BaseThreadInitThunk [0x76326359+25]
RtlGetAppContainerNamedObjectPath [0x77EB7C24+228]
RtlGetAppContainerNamedObjectPath [0x77EB7BF4+180]

at org.openqa.selenium.remote.W3CHandshakeResponse.lambda$errorHandler$0(W3CHandshakeResponse.java:62)
at org.openqa.selenium.remote.HandshakeResponse.lambda$getResponseFunction$0(HandshakeResponse.java:30)
at org.openqa.selenium.remote.ProtocolHandshake.lambda$createSession$0(ProtocolHandshake.java:126)
at java.util.stream.ReferencePipeline$3$1.accept(Unknown Source)
at java.util.Spliterators$ArraySpliterator.tryAdvance(Unknown Source)
at java.util.stream.ReferencePipeline.forEachWithCancel(Unknown Source)
at java.util.stream.AbstractPipeline.copyIntoWithCancel(Unknown Source)
at java.util.stream.AbstractPipeline.copyInto(Unknown Source)
at java.util.stream.AbstractPipeline.wrapAndCopyInto(Unknown Source)
at java.util.stream.FindOps$FindOp.evaluateSequential(Unknown Source)
at java.util.stream.AbstractPipeline.evaluate(Unknown Source)
at java.util.stream.ReferencePipeline.findFirst(Unknown Source)
at org.openqa.selenium.remote.ProtocolHandshake.createSession(ProtocolHandshake.java:128)
at org.openqa.selenium.remote.ProtocolHandshake.createSession(ProtocolHandshake.java:74)
at org.openqa.selenium.remote.HttpCommandExecutor.execute(HttpCommandExecutor.java:136)
at org.openqa.selenium.remote.service.DriverCommandExecutor.execute(DriverCommandExecutor.java:83)
at org.openqa.selenium.remote.RemoteWebDriver.execute(RemoteWebDriver.java:552)
at org.openqa.selenium.remote.RemoteWebDriver.startSession(RemoteWebDriver.java:213)
at org.openqa.selenium.remote.RemoteWebDriver.<init>(RemoteWebDriver.java:131)
at org.openqa.selenium.chrome.ChromeDriver.<init>(ChromeDriver.java:181)
at org.openqa.selenium.chrome.ChromeDriver.<init>(ChromeDriver.java:168)
at org.openqa.selenium.chrome.ChromeDriver.<init>(ChromeDriver.java:123)
at com.mbep.qa.base.TestBase.initialization(TestBase.java:43)
at com.mbep.qa.testdata.LoginPageTest.setUp(LoginPageTest.java:22)
at java.util.ArrayList.forEach(Unknown Source)
... Removed 35 stack frames]]>
    </failure>
  </testcase> <!-- @BeforeMethod setUp -->
  <testcase name="@AfterMethod tearDown" time="-1.59430350518E9" classname="com.mbep.qa.testdata.LoginPageTest">
    <skipped/>
  </testcase> <!-- @AfterMethod tearDown -->
  <testcase name="loginTittleTest" time="0.0" classname="com.mbep.qa.testdata.LoginPageTest">
    <skipped/>
  </testcase> <!-- loginTittleTest -->
</testsuite> <!-- MBEPtests] -->
