<?xml version="1.0" encoding="UTF-8"?>
<testng-results skipped="0" failed="2" ignored="0" total="12" passed="10">
  <reporter-output>
  </reporter-output>
  <suite name="Default suite" duration-ms="496920" started-at="2020-07-09T20:12:49 IST" finished-at="2020-07-09T20:21:06 IST">
    <groups>
    </groups>
    <test name="Default test" duration-ms="496920" started-at="2020-07-09T20:12:49 IST" finished-at="2020-07-09T20:21:06 IST">
      <class name="com.mbep.qa.testdata.HomePageTest">
        <test-method status="PASS" signature="setUp()[pri:0, instance:com.mbep.qa.testdata.HomePageTest@72b6cbcc]" name="setUp" is-config="true" duration-ms="26763" started-at="2020-07-09T20:12:49 IST" finished-at="2020-07-09T20:13:16 IST">
          <reporter-output>
          </reporter-output>
        </test-method> <!-- setUp -->
        <test-method status="PASS" signature="CurrentMBEPProgramMain()[pri:0, instance:com.mbep.qa.testdata.HomePageTest@72b6cbcc]" name="CurrentMBEPProgramMain" duration-ms="13773" started-at="2020-07-09T20:13:16 IST" description="Navigate to current MBEP Program main" finished-at="2020-07-09T20:13:30 IST">
          <reporter-output>
          </reporter-output>
        </test-method> <!-- CurrentMBEPProgramMain -->
        <test-method status="PASS" signature="tearDown()[pri:0, instance:com.mbep.qa.testdata.HomePageTest@72b6cbcc]" name="tearDown" is-config="true" duration-ms="881" started-at="2020-07-09T20:13:30 IST" finished-at="2020-07-09T20:13:30 IST">
          <reporter-output>
          </reporter-output>
        </test-method> <!-- tearDown -->
        <test-method status="PASS" signature="setUp()[pri:0, instance:com.mbep.qa.testdata.HomePageTest@72b6cbcc]" name="setUp" is-config="true" duration-ms="20207" started-at="2020-07-09T20:13:30 IST" finished-at="2020-07-09T20:13:51 IST">
          <reporter-output>
          </reporter-output>
        </test-method> <!-- setUp -->
        <test-method status="PASS" signature="DealerStatusSummary()[pri:0, instance:com.mbep.qa.testdata.HomePageTest@72b6cbcc]" name="DealerStatusSummary" duration-ms="10149" started-at="2020-07-09T20:13:51 IST" description="Navigate to Dealer Status Summary" finished-at="2020-07-09T20:14:01 IST">
          <reporter-output>
          </reporter-output>
        </test-method> <!-- DealerStatusSummary -->
        <test-method status="PASS" signature="tearDown()[pri:0, instance:com.mbep.qa.testdata.HomePageTest@72b6cbcc]" name="tearDown" is-config="true" duration-ms="771" started-at="2020-07-09T20:14:01 IST" finished-at="2020-07-09T20:14:02 IST">
          <reporter-output>
          </reporter-output>
        </test-method> <!-- tearDown -->
        <test-method status="PASS" signature="setUp()[pri:0, instance:com.mbep.qa.testdata.HomePageTest@72b6cbcc]" name="setUp" is-config="true" duration-ms="20326" started-at="2020-07-09T20:14:02 IST" finished-at="2020-07-09T20:14:22 IST">
          <reporter-output>
          </reporter-output>
        </test-method> <!-- setUp -->
        <test-method status="PASS" signature="EarningsDetail()[pri:0, instance:com.mbep.qa.testdata.HomePageTest@72b6cbcc]" name="EarningsDetail" duration-ms="9003" started-at="2020-07-09T20:14:22 IST" description="Navigate to Earnings Detail" finished-at="2020-07-09T20:14:31 IST">
          <reporter-output>
          </reporter-output>
        </test-method> <!-- EarningsDetail -->
        <test-method status="PASS" signature="tearDown()[pri:0, instance:com.mbep.qa.testdata.HomePageTest@72b6cbcc]" name="tearDown" is-config="true" duration-ms="881" started-at="2020-07-09T20:14:31 IST" finished-at="2020-07-09T20:14:32 IST">
          <reporter-output>
          </reporter-output>
        </test-method> <!-- tearDown -->
        <test-method status="PASS" signature="setUp()[pri:0, instance:com.mbep.qa.testdata.HomePageTest@72b6cbcc]" name="setUp" is-config="true" duration-ms="22404" started-at="2020-07-09T20:14:32 IST" finished-at="2020-07-09T20:14:54 IST">
          <reporter-output>
          </reporter-output>
        </test-method> <!-- setUp -->
        <test-method status="PASS" signature="EarningsSummary()[pri:0, instance:com.mbep.qa.testdata.HomePageTest@72b6cbcc]" name="EarningsSummary" duration-ms="8032" started-at="2020-07-09T20:14:54 IST" description="Navigate to Earnings Summary" finished-at="2020-07-09T20:15:02 IST">
          <reporter-output>
          </reporter-output>
        </test-method> <!-- EarningsSummary -->
        <test-method status="PASS" signature="tearDown()[pri:0, instance:com.mbep.qa.testdata.HomePageTest@72b6cbcc]" name="tearDown" is-config="true" duration-ms="860" started-at="2020-07-09T20:15:02 IST" finished-at="2020-07-09T20:15:03 IST">
          <reporter-output>
          </reporter-output>
        </test-method> <!-- tearDown -->
        <test-method status="PASS" signature="setUp()[pri:0, instance:com.mbep.qa.testdata.HomePageTest@72b6cbcc]" name="setUp" is-config="true" duration-ms="26153" started-at="2020-07-09T20:15:03 IST" finished-at="2020-07-09T20:15:29 IST">
          <reporter-output>
          </reporter-output>
        </test-method> <!-- setUp -->
        <test-method status="PASS" signature="EscrowSummary()[pri:0, instance:com.mbep.qa.testdata.HomePageTest@72b6cbcc]" name="EscrowSummary" duration-ms="7917" started-at="2020-07-09T20:15:29 IST" description="Navigate to Escrow Summary" finished-at="2020-07-09T20:15:37 IST">
          <reporter-output>
          </reporter-output>
        </test-method> <!-- EscrowSummary -->
        <test-method status="PASS" signature="tearDown()[pri:0, instance:com.mbep.qa.testdata.HomePageTest@72b6cbcc]" name="tearDown" is-config="true" duration-ms="855" started-at="2020-07-09T20:15:37 IST" finished-at="2020-07-09T20:15:38 IST">
          <reporter-output>
          </reporter-output>
        </test-method> <!-- tearDown -->
        <test-method status="PASS" signature="setUp()[pri:0, instance:com.mbep.qa.testdata.HomePageTest@72b6cbcc]" name="setUp" is-config="true" duration-ms="24355" started-at="2020-07-09T20:15:38 IST" finished-at="2020-07-09T20:16:02 IST">
          <reporter-output>
          </reporter-output>
        </test-method> <!-- setUp -->
        <test-method status="PASS" signature="FacilityInformation()[pri:0, instance:com.mbep.qa.testdata.HomePageTest@72b6cbcc]" name="FacilityInformation" duration-ms="8720" started-at="2020-07-09T20:16:02 IST" description="Navigate to Facility Information" finished-at="2020-07-09T20:16:11 IST">
          <reporter-output>
          </reporter-output>
        </test-method> <!-- FacilityInformation -->
        <test-method status="PASS" signature="tearDown()[pri:0, instance:com.mbep.qa.testdata.HomePageTest@72b6cbcc]" name="tearDown" is-config="true" duration-ms="886" started-at="2020-07-09T20:16:11 IST" finished-at="2020-07-09T20:16:12 IST">
          <reporter-output>
          </reporter-output>
        </test-method> <!-- tearDown -->
        <test-method status="PASS" signature="setUp()[pri:0, instance:com.mbep.qa.testdata.HomePageTest@72b6cbcc]" name="setUp" is-config="true" duration-ms="23199" started-at="2020-07-09T20:16:12 IST" finished-at="2020-07-09T20:16:35 IST">
          <reporter-output>
          </reporter-output>
        </test-method> <!-- setUp -->
        <test-method status="PASS" signature="FacilityInformationReport()[pri:0, instance:com.mbep.qa.testdata.HomePageTest@72b6cbcc]" name="FacilityInformationReport" duration-ms="8195" started-at="2020-07-09T20:16:35 IST" description="Navigate to Facility Information Report" finished-at="2020-07-09T20:16:43 IST">
          <reporter-output>
          </reporter-output>
        </test-method> <!-- FacilityInformationReport -->
        <test-method status="PASS" signature="tearDown()[pri:0, instance:com.mbep.qa.testdata.HomePageTest@72b6cbcc]" name="tearDown" is-config="true" duration-ms="1251" started-at="2020-07-09T20:16:43 IST" finished-at="2020-07-09T20:16:45 IST">
          <reporter-output>
          </reporter-output>
        </test-method> <!-- tearDown -->
        <test-method status="PASS" signature="setUp()[pri:0, instance:com.mbep.qa.testdata.HomePageTest@72b6cbcc]" name="setUp" is-config="true" duration-ms="29202" started-at="2020-07-09T20:16:45 IST" finished-at="2020-07-09T20:17:14 IST">
          <reporter-output>
          </reporter-output>
        </test-method> <!-- setUp -->
        <test-method status="PASS" signature="MBEPHawaiiProgram()[pri:0, instance:com.mbep.qa.testdata.HomePageTest@72b6cbcc]" name="MBEPHawaiiProgram" duration-ms="32593" started-at="2020-07-09T20:17:14 IST" description="Navigate to MBEP Hawaii Program" finished-at="2020-07-09T20:17:46 IST">
          <reporter-output>
          </reporter-output>
        </test-method> <!-- MBEPHawaiiProgram -->
        <test-method status="PASS" signature="tearDown()[pri:0, instance:com.mbep.qa.testdata.HomePageTest@72b6cbcc]" name="tearDown" is-config="true" duration-ms="810" started-at="2020-07-09T20:17:46 IST" finished-at="2020-07-09T20:17:47 IST">
          <reporter-output>
          </reporter-output>
        </test-method> <!-- tearDown -->
        <test-method status="PASS" signature="setUp()[pri:0, instance:com.mbep.qa.testdata.HomePageTest@72b6cbcc]" name="setUp" is-config="true" duration-ms="27847" started-at="2020-07-09T20:17:47 IST" finished-at="2020-07-09T20:18:15 IST">
          <reporter-output>
          </reporter-output>
        </test-method> <!-- setUp -->
        <test-method status="PASS" signature="MBEPNCProgram()[pri:0, instance:com.mbep.qa.testdata.HomePageTest@72b6cbcc]" name="MBEPNCProgram" duration-ms="32636" started-at="2020-07-09T20:18:15 IST" description="Navigate to MBEP NC Program" finished-at="2020-07-09T20:18:48 IST">
          <reporter-output>
          </reporter-output>
        </test-method> <!-- MBEPNCProgram -->
        <test-method status="PASS" signature="tearDown()[pri:0, instance:com.mbep.qa.testdata.HomePageTest@72b6cbcc]" name="tearDown" is-config="true" duration-ms="877" started-at="2020-07-09T20:18:48 IST" finished-at="2020-07-09T20:18:49 IST">
          <reporter-output>
          </reporter-output>
        </test-method> <!-- tearDown -->
        <test-method status="PASS" signature="setUp()[pri:0, instance:com.mbep.qa.testdata.HomePageTest@72b6cbcc]" name="setUp" is-config="true" duration-ms="19842" started-at="2020-07-09T20:18:49 IST" finished-at="2020-07-09T20:19:08 IST">
          <reporter-output>
          </reporter-output>
        </test-method> <!-- setUp -->
        <test-method status="FAIL" signature="MFIFreezePeriod()[pri:0, instance:com.mbep.qa.testdata.HomePageTest@72b6cbcc]" name="MFIFreezePeriod" duration-ms="26566" started-at="2020-07-09T20:19:08 IST" description="Navigate to MFI Freeze Period" finished-at="2020-07-09T20:19:35 IST">
          <exception class="org.openqa.selenium.json.JsonException">
            <message>
              <![CDATA[java.lang.reflect.InvocationTargetException
Build info: version: '3.141.59', revision: 'e82be7d358', time: '2018-11-14T08:17:03'
System info: host: 'LAPTOP-0N92GOA0', ip: '192.168.43.59', os.name: 'Windows 10', os.arch: 'amd64', os.version: '10.0', java.version: '1.8.0_231'
Driver info: driver.version: EventFiringWebDriver]]>
            </message>
            <full-stacktrace>
              <![CDATA[org.openqa.selenium.json.JsonException: java.lang.reflect.InvocationTargetException
Build info: version: '3.141.59', revision: 'e82be7d358', time: '2018-11-14T08:17:03'
System info: host: 'LAPTOP-0N92GOA0', ip: '192.168.43.59', os.name: 'Windows 10', os.arch: 'amd64', os.version: '10.0', java.version: '1.8.0_231'
Driver info: driver.version: EventFiringWebDriver
at org.openqa.selenium.json.JsonOutput.convertUsingMethod(JsonOutput.java:332)
at org.openqa.selenium.json.JsonOutput.lambda$new$16(JsonOutput.java:155)
at org.openqa.selenium.json.JsonOutput.write(JsonOutput.java:264)
at org.openqa.selenium.json.JsonOutput.lambda$null$21(JsonOutput.java:168)
at java.util.LinkedHashMap$LinkedValues.forEach(Unknown Source)
at org.openqa.selenium.json.JsonOutput.lambda$new$22(JsonOutput.java:168)
at org.openqa.selenium.json.JsonOutput.write(JsonOutput.java:264)
at org.openqa.selenium.json.JsonOutput.lambda$null$23(JsonOutput.java:177)
at com.google.common.collect.SingletonImmutableBiMap.forEach(SingletonImmutableBiMap.java:65)
at org.openqa.selenium.json.JsonOutput.lambda$new$24(JsonOutput.java:176)
at org.openqa.selenium.json.JsonOutput.write(JsonOutput.java:264)
at org.openqa.selenium.json.JsonOutput.write(JsonOutput.java:255)
at org.openqa.selenium.json.Json.toJson(Json.java:42)
at org.openqa.selenium.remote.http.AbstractHttpCommandCodec.encode(AbstractHttpCommandCodec.java:227)
at org.openqa.selenium.remote.http.AbstractHttpCommandCodec.encode(AbstractHttpCommandCodec.java:117)
at org.openqa.selenium.remote.HttpCommandExecutor.execute(HttpCommandExecutor.java:152)
at org.openqa.selenium.remote.service.DriverCommandExecutor.execute(DriverCommandExecutor.java:83)
at org.openqa.selenium.remote.RemoteWebDriver.execute(RemoteWebDriver.java:552)
at org.openqa.selenium.remote.RemoteWebDriver.perform(RemoteWebDriver.java:618)
at sun.reflect.NativeMethodAccessorImpl.invoke0(Native Method)
at sun.reflect.NativeMethodAccessorImpl.invoke(Unknown Source)
at sun.reflect.DelegatingMethodAccessorImpl.invoke(Unknown Source)
at java.lang.reflect.Method.invoke(Unknown Source)
at org.openqa.selenium.support.events.EventFiringWebDriver.lambda$new$1(EventFiringWebDriver.java:105)
at com.sun.proxy.$Proxy7.perform(Unknown Source)
at org.openqa.selenium.support.events.EventFiringWebDriver.perform(EventFiringWebDriver.java:360)
at org.openqa.selenium.interactions.Actions$BuiltAction.perform(Actions.java:639)
at org.openqa.selenium.interactions.Actions.perform(Actions.java:595)
at com.mbep.qa.pages.HomePage.MFI_Freeze_Period(HomePage.java:138)
at com.mbep.qa.testdata.HomePageTest.MFIFreezePeriod(HomePageTest.java:56)
at sun.reflect.NativeMethodAccessorImpl.invoke0(Native Method)
at sun.reflect.NativeMethodAccessorImpl.invoke(Unknown Source)
at sun.reflect.DelegatingMethodAccessorImpl.invoke(Unknown Source)
at java.lang.reflect.Method.invoke(Unknown Source)
at org.testng.internal.MethodInvocationHelper.invokeMethod(MethodInvocationHelper.java:133)
at org.testng.internal.TestInvoker.invokeMethod(TestInvoker.java:584)
at org.testng.internal.TestInvoker.invokeTestMethod(TestInvoker.java:172)
at org.testng.internal.MethodRunner.runInSequence(MethodRunner.java:46)
at org.testng.internal.TestInvoker$MethodInvocationAgent.invoke(TestInvoker.java:804)
at org.testng.internal.TestInvoker.invokeTestMethods(TestInvoker.java:145)
at org.testng.internal.TestMethodWorker.invokeTestMethods(TestMethodWorker.java:146)
at org.testng.internal.TestMethodWorker.run(TestMethodWorker.java:128)
at java.util.ArrayList.forEach(Unknown Source)
at org.testng.TestRunner.privateRun(TestRunner.java:770)
at org.testng.TestRunner.run(TestRunner.java:591)
at org.testng.SuiteRunner.runTest(SuiteRunner.java:402)
at org.testng.SuiteRunner.runSequentially(SuiteRunner.java:396)
at org.testng.SuiteRunner.privateRun(SuiteRunner.java:355)
at org.testng.SuiteRunner.run(SuiteRunner.java:304)
at org.testng.SuiteRunnerWorker.runSuite(SuiteRunnerWorker.java:53)
at org.testng.SuiteRunnerWorker.run(SuiteRunnerWorker.java:96)
at org.testng.TestNG.runSuitesSequentially(TestNG.java:1180)
at org.testng.TestNG.runSuitesLocally(TestNG.java:1102)
at org.testng.TestNG.runSuites(TestNG.java:1032)
at org.testng.TestNG.run(TestNG.java:1000)
at org.testng.remote.AbstractRemoteTestNG.run(AbstractRemoteTestNG.java:115)
at org.testng.remote.RemoteTestNG.initAndRun(RemoteTestNG.java:251)
at org.testng.remote.RemoteTestNG.main(RemoteTestNG.java:77)
Suppressed: org.openqa.selenium.json.JsonException: Attempting to close incomplete json stream
Build info: version: '3.141.59', revision: 'e82be7d358', time: '2018-11-14T08:17:03'
System info: host: 'LAPTOP-0N92GOA0', ip: '192.168.43.59', os.name: 'Windows 10', os.arch: 'amd64', os.version: '10.0', java.version: '1.8.0_231'
Driver info: driver.version: EventFiringWebDriver
at org.openqa.selenium.json.JsonOutput.close(JsonOutput.java:279)
at org.openqa.selenium.json.Json.toJson(Json.java:44)
... 45 more
Caused by: java.lang.reflect.InvocationTargetException
at sun.reflect.NativeMethodAccessorImpl.invoke0(Native Method)
at sun.reflect.NativeMethodAccessorImpl.invoke(Unknown Source)
at sun.reflect.DelegatingMethodAccessorImpl.invoke(Unknown Source)
at java.lang.reflect.Method.invoke(Unknown Source)
at org.openqa.selenium.json.JsonOutput.convertUsingMethod(JsonOutput.java:328)
... 57 more
Caused by: org.openqa.selenium.NoSuchElementException: no such element: Unable to locate element: {"method":"xpath","selector":"//span[text()='MFI Freeze Period']"}
  (Session info: chrome=83.0.4103.116)
For documentation on this error, please visit: https://www.seleniumhq.org/exceptions/no_such_element.html
Build info: version: '3.141.59', revision: 'e82be7d358', time: '2018-11-14T08:17:03'
System info: host: 'LAPTOP-0N92GOA0', ip: '192.168.43.59', os.name: 'Windows 10', os.arch: 'amd64', os.version: '10.0', java.version: '1.8.0_231'
Driver info: org.openqa.selenium.chrome.ChromeDriver
Capabilities {acceptInsecureCerts: false, browserName: chrome, browserVersion: 83.0.4103.116, chrome: {chromedriverVersion: 83.0.4103.39 (ccbf011cb2d2b..., userDataDir: C:\Users\hello\AppData\Loca...}, goog:chromeOptions: {debuggerAddress: localhost:60464}, javascriptEnabled: true, networkConnectionEnabled: false, pageLoadStrategy: normal, platform: WINDOWS, platformName: WINDOWS, proxy: Proxy(), setWindowRect: true, strictFileInteractability: false, timeouts: {implicit: 0, pageLoad: 300000, script: 30000}, unhandledPromptBehavior: dismiss and notify, webauthn:virtualAuthenticators: true}
Session ID: 8bb2d4ddd1f4c96b28eddf4d0085ef82
*** Element info: {Using=xpath, value=//span[text()='MFI Freeze Period']}
at sun.reflect.NativeConstructorAccessorImpl.newInstance0(Native Method)
at sun.reflect.NativeConstructorAccessorImpl.newInstance(Unknown Source)
at sun.reflect.DelegatingConstructorAccessorImpl.newInstance(Unknown Source)
at java.lang.reflect.Constructor.newInstance(Unknown Source)
at org.openqa.selenium.remote.http.W3CHttpResponseCodec.createException(W3CHttpResponseCodec.java:187)
at org.openqa.selenium.remote.http.W3CHttpResponseCodec.decode(W3CHttpResponseCodec.java:122)
at org.openqa.selenium.remote.http.W3CHttpResponseCodec.decode(W3CHttpResponseCodec.java:49)
at org.openqa.selenium.remote.HttpCommandExecutor.execute(HttpCommandExecutor.java:158)
at org.openqa.selenium.remote.service.DriverCommandExecutor.execute(DriverCommandExecutor.java:83)
at org.openqa.selenium.remote.RemoteWebDriver.execute(RemoteWebDriver.java:552)
at org.openqa.selenium.remote.RemoteWebDriver.findElement(RemoteWebDriver.java:323)
at org.openqa.selenium.remote.RemoteWebDriver.findElementByXPath(RemoteWebDriver.java:428)
at org.openqa.selenium.By$ByXPath.findElement(By.java:353)
at org.openqa.selenium.remote.RemoteWebDriver.findElement(RemoteWebDriver.java:315)
at sun.reflect.GeneratedMethodAccessor2.invoke(Unknown Source)
at sun.reflect.DelegatingMethodAccessorImpl.invoke(Unknown Source)
at java.lang.reflect.Method.invoke(Unknown Source)
at org.openqa.selenium.support.events.EventFiringWebDriver.lambda$new$1(EventFiringWebDriver.java:105)
at com.sun.proxy.$Proxy7.findElement(Unknown Source)
at org.openqa.selenium.support.events.EventFiringWebDriver.findElement(EventFiringWebDriver.java:194)
at org.openqa.selenium.support.pagefactory.DefaultElementLocator.findElement(DefaultElementLocator.java:69)
at org.openqa.selenium.support.pagefactory.internal.LocatingElementHandler.invoke(LocatingElementHandler.java:38)
at com.sun.proxy.$Proxy11.getWrappedElement(Unknown Source)
at org.openqa.selenium.interactions.PointerInput$Origin.asArg(PointerInput.java:204)
at org.openqa.selenium.interactions.PointerInput$Move.encode(PointerInput.java:155)
at org.openqa.selenium.interactions.Sequence.encode(Sequence.java:75)
at org.openqa.selenium.interactions.Sequence.toJson(Sequence.java:84)
... 62 more
]]>
            </full-stacktrace>
          </exception> <!-- org.openqa.selenium.json.JsonException -->
          <reporter-output>
          </reporter-output>
        </test-method> <!-- MFIFreezePeriod -->
        <test-method status="PASS" signature="tearDown()[pri:0, instance:com.mbep.qa.testdata.HomePageTest@72b6cbcc]" name="tearDown" is-config="true" duration-ms="813" started-at="2020-07-09T20:19:35 IST" finished-at="2020-07-09T20:19:36 IST">
          <reporter-output>
          </reporter-output>
        </test-method> <!-- tearDown -->
        <test-method status="PASS" signature="setUp()[pri:0, instance:com.mbep.qa.testdata.HomePageTest@72b6cbcc]" name="setUp" is-config="true" duration-ms="27300" started-at="2020-07-09T20:19:36 IST" finished-at="2020-07-09T20:20:03 IST">
          <reporter-output>
          </reporter-output>
        </test-method> <!-- setUp -->
        <test-method status="FAIL" signature="PaymentManagement()[pri:0, instance:com.mbep.qa.testdata.HomePageTest@72b6cbcc]" name="PaymentManagement" duration-ms="25651" started-at="2020-07-09T20:20:03 IST" description="Navigate to Escrow Summary" finished-at="2020-07-09T20:20:29 IST">
          <exception class="org.openqa.selenium.NoSuchElementException">
            <message>
              <![CDATA[no such element: Unable to locate element: {"method":"xpath","selector":"//span[text()='ADMINISTRATION']"}
  (Session info: chrome=83.0.4103.116)
For documentation on this error, please visit: https://www.seleniumhq.org/exceptions/no_such_element.html
Build info: version: '3.141.59', revision: 'e82be7d358', time: '2018-11-14T08:17:03'
System info: host: 'LAPTOP-0N92GOA0', ip: '192.168.43.59', os.name: 'Windows 10', os.arch: 'amd64', os.version: '10.0', java.version: '1.8.0_231'
Driver info: org.openqa.selenium.chrome.ChromeDriver
Capabilities {acceptInsecureCerts: false, browserName: chrome, browserVersion: 83.0.4103.116, chrome: {chromedriverVersion: 83.0.4103.39 (ccbf011cb2d2b..., userDataDir: C:\Users\hello\AppData\Loca...}, goog:chromeOptions: {debuggerAddress: localhost:60487}, javascriptEnabled: true, networkConnectionEnabled: false, pageLoadStrategy: normal, platform: WINDOWS, platformName: WINDOWS, proxy: Proxy(), setWindowRect: true, strictFileInteractability: false, timeouts: {implicit: 0, pageLoad: 300000, script: 30000}, unhandledPromptBehavior: dismiss and notify, webauthn:virtualAuthenticators: true}
Session ID: 5631a3298ea9159d3318f160eabfbb4a
*** Element info: {Using=xpath, value=//span[text()='ADMINISTRATION']}]]>
            </message>
            <full-stacktrace>
              <![CDATA[org.openqa.selenium.NoSuchElementException: no such element: Unable to locate element: {"method":"xpath","selector":"//span[text()='ADMINISTRATION']"}
  (Session info: chrome=83.0.4103.116)
For documentation on this error, please visit: https://www.seleniumhq.org/exceptions/no_such_element.html
Build info: version: '3.141.59', revision: 'e82be7d358', time: '2018-11-14T08:17:03'
System info: host: 'LAPTOP-0N92GOA0', ip: '192.168.43.59', os.name: 'Windows 10', os.arch: 'amd64', os.version: '10.0', java.version: '1.8.0_231'
Driver info: org.openqa.selenium.chrome.ChromeDriver
Capabilities {acceptInsecureCerts: false, browserName: chrome, browserVersion: 83.0.4103.116, chrome: {chromedriverVersion: 83.0.4103.39 (ccbf011cb2d2b..., userDataDir: C:\Users\hello\AppData\Loca...}, goog:chromeOptions: {debuggerAddress: localhost:60487}, javascriptEnabled: true, networkConnectionEnabled: false, pageLoadStrategy: normal, platform: WINDOWS, platformName: WINDOWS, proxy: Proxy(), setWindowRect: true, strictFileInteractability: false, timeouts: {implicit: 0, pageLoad: 300000, script: 30000}, unhandledPromptBehavior: dismiss and notify, webauthn:virtualAuthenticators: true}
Session ID: 5631a3298ea9159d3318f160eabfbb4a
*** Element info: {Using=xpath, value=//span[text()='ADMINISTRATION']}
at sun.reflect.NativeConstructorAccessorImpl.newInstance0(Native Method)
at sun.reflect.NativeConstructorAccessorImpl.newInstance(Unknown Source)
at sun.reflect.DelegatingConstructorAccessorImpl.newInstance(Unknown Source)
at java.lang.reflect.Constructor.newInstance(Unknown Source)
at org.openqa.selenium.remote.http.W3CHttpResponseCodec.createException(W3CHttpResponseCodec.java:187)
at org.openqa.selenium.remote.http.W3CHttpResponseCodec.decode(W3CHttpResponseCodec.java:122)
at org.openqa.selenium.remote.http.W3CHttpResponseCodec.decode(W3CHttpResponseCodec.java:49)
at org.openqa.selenium.remote.HttpCommandExecutor.execute(HttpCommandExecutor.java:158)
at org.openqa.selenium.remote.service.DriverCommandExecutor.execute(DriverCommandExecutor.java:83)
at org.openqa.selenium.remote.RemoteWebDriver.execute(RemoteWebDriver.java:552)
at org.openqa.selenium.remote.RemoteWebDriver.findElement(RemoteWebDriver.java:323)
at org.openqa.selenium.remote.RemoteWebDriver.findElementByXPath(RemoteWebDriver.java:428)
at org.openqa.selenium.By$ByXPath.findElement(By.java:353)
at org.openqa.selenium.remote.RemoteWebDriver.findElement(RemoteWebDriver.java:315)
at sun.reflect.GeneratedMethodAccessor2.invoke(Unknown Source)
at sun.reflect.DelegatingMethodAccessorImpl.invoke(Unknown Source)
at java.lang.reflect.Method.invoke(Unknown Source)
at org.openqa.selenium.support.events.EventFiringWebDriver.lambda$new$1(EventFiringWebDriver.java:105)
at com.sun.proxy.$Proxy7.findElement(Unknown Source)
at org.openqa.selenium.support.events.EventFiringWebDriver.findElement(EventFiringWebDriver.java:194)
at org.openqa.selenium.support.pagefactory.DefaultElementLocator.findElement(DefaultElementLocator.java:69)
at org.openqa.selenium.support.pagefactory.internal.LocatingElementHandler.invoke(LocatingElementHandler.java:38)
at com.sun.proxy.$Proxy11.click(Unknown Source)
at com.mbep.qa.pages.HomePage.Payment_Management(HomePage.java:190)
at com.mbep.qa.testdata.HomePageTest.PaymentManagement(HomePageTest.java:76)
at sun.reflect.NativeMethodAccessorImpl.invoke0(Native Method)
at sun.reflect.NativeMethodAccessorImpl.invoke(Unknown Source)
at sun.reflect.DelegatingMethodAccessorImpl.invoke(Unknown Source)
at java.lang.reflect.Method.invoke(Unknown Source)
at org.testng.internal.MethodInvocationHelper.invokeMethod(MethodInvocationHelper.java:133)
at org.testng.internal.TestInvoker.invokeMethod(TestInvoker.java:584)
at org.testng.internal.TestInvoker.invokeTestMethod(TestInvoker.java:172)
at org.testng.internal.MethodRunner.runInSequence(MethodRunner.java:46)
at org.testng.internal.TestInvoker$MethodInvocationAgent.invoke(TestInvoker.java:804)
at org.testng.internal.TestInvoker.invokeTestMethods(TestInvoker.java:145)
at org.testng.internal.TestMethodWorker.invokeTestMethods(TestMethodWorker.java:146)
at org.testng.internal.TestMethodWorker.run(TestMethodWorker.java:128)
at java.util.ArrayList.forEach(Unknown Source)
at org.testng.TestRunner.privateRun(TestRunner.java:770)
at org.testng.TestRunner.run(TestRunner.java:591)
at org.testng.SuiteRunner.runTest(SuiteRunner.java:402)
at org.testng.SuiteRunner.runSequentially(SuiteRunner.java:396)
at org.testng.SuiteRunner.privateRun(SuiteRunner.java:355)
at org.testng.SuiteRunner.run(SuiteRunner.java:304)
at org.testng.SuiteRunnerWorker.runSuite(SuiteRunnerWorker.java:53)
at org.testng.SuiteRunnerWorker.run(SuiteRunnerWorker.java:96)
at org.testng.TestNG.runSuitesSequentially(TestNG.java:1180)
at org.testng.TestNG.runSuitesLocally(TestNG.java:1102)
at org.testng.TestNG.runSuites(TestNG.java:1032)
at org.testng.TestNG.run(TestNG.java:1000)
at org.testng.remote.AbstractRemoteTestNG.run(AbstractRemoteTestNG.java:115)
at org.testng.remote.RemoteTestNG.initAndRun(RemoteTestNG.java:251)
at org.testng.remote.RemoteTestNG.main(RemoteTestNG.java:77)
]]>
            </full-stacktrace>
          </exception> <!-- org.openqa.selenium.NoSuchElementException -->
          <reporter-output>
          </reporter-output>
        </test-method> <!-- PaymentManagement -->
        <test-method status="PASS" signature="tearDown()[pri:0, instance:com.mbep.qa.testdata.HomePageTest@72b6cbcc]" name="tearDown" is-config="true" duration-ms="801" started-at="2020-07-09T20:20:29 IST" finished-at="2020-07-09T20:20:30 IST">
          <reporter-output>
          </reporter-output>
        </test-method> <!-- tearDown -->
        <test-method status="PASS" signature="setUp()[pri:0, instance:com.mbep.qa.testdata.HomePageTest@72b6cbcc]" name="setUp" is-config="true" duration-ms="22822" started-at="2020-07-09T20:20:30 IST" finished-at="2020-07-09T20:20:52 IST">
          <reporter-output>
          </reporter-output>
        </test-method> <!-- setUp -->
        <test-method status="PASS" signature="RetailEvolution()[pri:0, instance:com.mbep.qa.testdata.HomePageTest@72b6cbcc]" name="RetailEvolution" duration-ms="12511" started-at="2020-07-09T20:20:52 IST" description="Navigate to Retail Evolution" finished-at="2020-07-09T20:21:05 IST">
          <reporter-output>
          </reporter-output>
        </test-method> <!-- RetailEvolution -->
        <test-method status="PASS" signature="tearDown()[pri:0, instance:com.mbep.qa.testdata.HomePageTest@72b6cbcc]" name="tearDown" is-config="true" duration-ms="923" started-at="2020-07-09T20:21:05 IST" finished-at="2020-07-09T20:21:06 IST">
          <reporter-output>
          </reporter-output>
        </test-method> <!-- tearDown -->
      </class> <!-- com.mbep.qa.testdata.HomePageTest -->
    </test> <!-- Default test -->
  </suite> <!-- Default suite -->
</testng-results>
